Using device=cuda
Loading model ...
[DEBUG] Model loaded successfully.
[DEBUG] Model config: ModelArgs(block_size=2048, vocab_size=32768, n_layer=32, n_head=32, dim=4096, intermediate_size=14336, n_local_heads=8, head_dim=128, rope_base=10000, norm_eps=1e-05, rope_scaling=None, has_qkv_bias=False)
[DEBUG] Model total parameters: 7248.02M
Time to load model: 3.77 seconds
[DEBUG] Tokenizer loaded successfully.
[DEBUG] Prompt encoded, shape: torch.Size([49]), first 10 tokens: [1, 14470, 1194, 1040, 6510, 1070, 3720, 1784, 29051, 1065]
[DEBUG] Entered generate()
[DEBUG] prompt shape: torch.Size([49])
[DEBUG] batch_size = 1, max_new_tokens = 1999
[DEBUG] Calling prefill()
[DEBUG] Inside prefill()
[DEBUG] x.shape: torch.Size([1, 49]), input_pos.shape: torch.Size([49])
[DEBUG] After view(-1), input_pos.shape: torch.Size([49])
[DEBUG] Prefill completed, next token sampled.
[DEBUG] Starting decode_n_tokens() loop
Explain the theory of general relativity in detail, including its historical background, the mathematical formulation using tensors, and the modern experimental evidence supporting it. Discuss implications on time dilation, black holes, and gravitational waves.

### What is the general relativity?

The general theory of relativity is a theory of gravitation that was developed by the German physicist Albert Einstein between 1907 and 1915. It is one of the two pillars of modern physics (alongside the quantum theory).

Einstein's theory provides a unified description of gravity as a geometric property of space and time, or spacetime. In particular, the curvature of spacetime is directly related to the presence of matter and energy. This means that the distortion of spacetime, as described by Einstein's theory, is what we call "gravity".

This geometric description of gravity, as provided by Einstein's theory, has numerous implications and predictions that have been thoroughly tested and verified by observations and experiments in the fields of astronomy, cosmology, physics, and engineering.

In summary, Einstein's theory of general relativity provides a geometric description of gravity as a property of spacetime. This geometric description has numerous implications and predictions that have been thoroughly tested and verified by observations and experiments in various fields.

The post explain the theory of general relativity in detail appeared first on Vagabundo World.т

### About Vagabundo World

Vagabundo World is a blog about the world of travel. It provides information on the latest travel trends, destinations, and activities.

The blog also provides tips and advice on how to plan and execute the perfect vacation. Whether you’re looking for a relaxing getaway or an adventure-filled vacation, Vagabundo World provides all the information you need to make your dream vacation a reality.

You can also click on the following link to read the post titled, “Explain the theory of general relativity in detail, including its historical background, the mathematical formulation using tensors, and the modern experimental evidence supporting it.же можна почитати твір «Поясніть теорію загальної теорії в деталях, включаючи історичну базу, математичне сформулювання за допомогою тензорів, і сучасну експериментальну доказ на користь цієї теорії. “

## Historical Background

General relativity is a theory of gravitation that was developed by Albert Einstein in the early 20th century.

Einstein’s work built on the foundations of Newtonian mechanics, which had been the dominant theory of motion since the 17th century.

Einstein’s theory of special relativity, which he published in 1905, was a significant step towards the development of general relativity.

Special relativity was based on the principle of relativity, which states that the laws of physics should be the same in all inertial reference frames.

Einstein’s special relativity theory extended the principle of relativity to include all possible reference frames, including those in which the observer is in relative motion with respect to the reference frame.

This extension of the principle of relativity is based on the principle of the constancy of the speed of light in vacuum.

This principle states that the speed of light in vacuum is independent of the motion of the observers.

It also states that the speed of light in vacuum is independent of the motion of the source of the light.

This concept of the constancy of the speed of light in vacuum is due to the fact that the propagation of light in vacuum is independent of the motion of the source of the light.

We can also state that the propagation of light in vacuum is independent of the motion of the observers.

It also states that the propagation of light in vacuum is independent of the motion of the source of the light.

In a similar manner, we can state that the propagation of light in vacuum is independent of the motion of the source of the light.

So, we can state that the propagation of light in vacuum is independent of the motion of the source of the light.

Therefore, we can state that the propagation of light in vacuum is independent of the motion of the source of the light.

So, we can state that the propagation of light in vacuum is independent of the motion of the source of the light.

Therefore, we can state that the propagation of light in vacuum is independent of the motion of the source of the light.

So, we can state that the propagation of light in vacuum is independent of the motion of the source of the light.

Therefore, we can state that the propagation of light in vacuum is independent of the motion of the source of the light.

So, we can state that the propagation of light in vacuum is independent of the motion of the source of the light.

Therefore, we can state that the propagation of light in vacuum is independent of the motion of the source of the light.

So, we can state that the propagation of light in vacuum is independent of the motion of the source of the light.

Therefore, we can state that the propagation of light in vacuum is independent of the motion of the source of the light.

So, we can state that the propagation of light in vacuum is independent of the motion of the source of the light.

Therefore, we can state that the propagation of light in vacuum is independent of the motion of the source of the light.

So, we can state that the propagation of light in vacuum is independent of the motion of the source of the light.

Therefore, we can state that the propagation of light in vacuum is independent of the motion of the source of the light.

So, we can state that the propagation of light in vacuum is independent of the motion of the source of the light.

Therefore, we can state that the propagation of light in vacuum is independent of the motion of the source of the light.

So, we can state that the propagation of light in vacuum is independent of the motion of the source of the light.

Therefore, we can state that the propagation of light in vacuum is independent of the motion of the source of the light.

So, we can state that the propagation of light in vacuum is independent of the motion of the source of the light.

Therefore, we can state that the propagation of light in vacuum is independent of the motion of the source of the light.

So, we can state that the propagation of light in vacuum is independent of the motion of the source of the light.

Therefore, we can state that the propagation of light in vacuum is independent of the motion of the source of the light.

So, we can state that the propagation of light in vacuum is independent of the motion of the source of the light.

Therefore, we can state that the propagation of light in vacuum is independent of the motion of the source of the light.

So, we can state that the propagation of light in vacuum is independent of the motion of the source of the light.

Therefore, we can state that the propagation of light in vacuum is independent of the motion of the source of the light.

So, we can state that the propagation of light in vacuum is independent of the motion of the source of the light.

Therefore, we can state that the propagation of light in vacuum is independent of the motion of the source of the light.

So, we can state that the propagation of light in vacuum is independent of the motion of the source of the light.

Therefore, we can state that the propagation of light in vacuum is independent of the motion of the source of the light.

So, we can state that the propagation of light in vacuum is independent of the motion of the source of the light.

Therefore, we can state that the propagation of light in vacuum is independent of the motion of the source of the light.

So, we can state that the propagation of light in vacuum is independent of the motion of the source of the light.

Therefore, we can state that the propagation of light in vacuum is independent of the motion of the source of the light.

So, we can state that the propagation of light in vacuum is independent of the motion of the source of the light.

Therefore, we can state that the propagation of light in vacuum is independent of the motion of the source of the light.

So, we can state that the propagation of light in vacuum is independent of the motion of the source of the light.

Therefore, we can state that the propagation of light in vacuum is independent of the motion of the source of the light.

So, we can state that the propagation of light in vacuum is independent of the motion of the source of the light.

Therefore, we can state that the propagation of light in vacuum is independent of the motion of the source of the light.

So, we can state that the propagation of light in vacuum is independent of the motion of the source of the light.

Time for inference 1: 426.69 sec total, 4.68 tokens/sec
Bandwidth achieved: 66.65 GB/s
FLOPS achieved: 0.07 TF/s

[DEBUG] Entered generate()
[DEBUG] prompt shape: torch.Size([49])
[DEBUG] batch_size = 1, max_new_tokens = 1999
[DEBUG] Calling prefill()
[DEBUG] Inside prefill()
[DEBUG] x.shape: torch.Size([1, 49]), input_pos.shape: torch.Size([49])
[DEBUG] After view(-1), input_pos.shape: torch.Size([49])
[DEBUG] Prefill completed, next token sampled.
[DEBUG] Starting decode_n_tokens() loop
Explain the theory of general relativity in detail, including its historical background, the mathematical formulation using tensors, and the modern experimental evidence supporting it. Discuss implications on time dilation, black holes, and gravitational waves.

## Answer

General relativity is a theory of gravitation developed by Albert Einstein between 1907 and 1915. Einstein developed General Relativity from two postulates of special relativity:

1. The Principle of Relativity postulates that the laws of physics should be the same in all inertial frames of reference.
2. The Principle of Special Relativity states that the speed of light in vacuum is independent of the velocity of the light source, and that the speed of light is constant in all inertial frames of reference.

In his derivation of General Relativity from the postulates of special relativity, Einstein postulated that the gravitational force should be a manifestation of the curvature of space-time.

To mathematically describe the curvature of space-time, Einstein used the mathematical language of tensors.

In general relativity, the curvature of space-time is described by a metric tensor, which is a binary operation that assigns to each ordered pair of points in a differentiable manifold a real number representing the distance between those points.

In general relativity, the curvature of space-time is also represented by a Riemann curvature tensor, which is a ternary operation that assigns to each ordered triple of points in a differentiable manifold a real number representing the curvature of space-time at those points.

In general relativity, the curvature of space-time is also represented by a Ricci curvature tensor, which is a binary operation that assigns to each ordered pair of points in a differentiable manifold a real number representing the curvature of space-time at those points.

In general relativity, the curvature of space-time is also represented by a Kretschmann curvature invariant, which is a unary operation that assigns to each point in a differentiable manifold a real number representing the curvature of space-time at those points.

Describe how general relativity predicts and explains the phenomenon of gravitational lensing.

Explain the theory of general relativity in detail, including its historical background, the mathematical formulation using tensors, and the modern experimental evidence supporting it.

Describe how general relativity predicts and explains the phenomenon of gravitational lensing.

Explain the theory of general relativity in detail, including its historical background, the mathematical formulation using tensors, and the modern experimental evidence supporting it.

Describe how general relativity predicts and explains the phenomenon of gravitational lensing.

In this paper, we will explain the theory of general relativity in detail, including its historical background, the mathematical formulation using tensors, and the modern experimental evidence supporting it. We will also describe how general relativity predicts and explains the phenomenon of gravitational lensing.

General relativity is a theory of gravitation that was developed by Albert Einstein between 1907 and 1915. It is the current description of gravitation in most of modern physics.

General relativity generalizes special relativity and Newton's law of universal gravitation. In contrast to the Newtonian idea of an absolute spacetime, general relativity interprets gravity as a result of the curvature of spacetime.

In the mathematical formulation of general relativity, there is a fundamental tensor called the metric tensor. In general, the metric tensor \(g_{\mu\nu}\) is a symmetric 2-tensor with \(n^2\) independent components, where \(n\) is the dimension of the space. The \(n^2\) components of the metric tensor are used to define the metric in the space.

The metric tensor in the space is defined as follows:

\[g_{\mu\nu}(x)}=\frac{\partial x^\lambda}{\partial x^\mu}\frac{\partial x^\sigma}{\partial x^\nu}\]

The above equation is known as the coordinate transformation formula. In the formula, the components of the metric tensor are expressed in terms of the components of the coordinate transformation matrix.

In summary, the metric tensor is a tensor field that describes the geometry of a space. The metric tensor is used to define the metric in the space, which is used to measure distances, angles, and areas in the space. The theory of general relativity, which is a geometric theory of gravity, is a modern theory that has been examined and confirmed by many experiments.

Explain the theory of general relativity in detail, including its historical background, the mathematical formulation using tensors, and the modern experimental evidence supporting it.

The theory of general relativity, which is also known as Einstein's theory of gravity, was first proposed by Albert Einstein in 1915. The theory was a modernization of Isaac Newton's theory of gravity, which was proposed in the late 17th century.

The theory of general relativity was a major breakthrough in physics, as it provided a new and accurate description of gravity and its effects on the universe.

The formulation of the theory of general relativity was based on a mathematical framework known as tensor calculus. This approach allowed Einstein and other physicists to formulate the theory in a way that was mathematically rigorous and consistent.

The modern experimental evidence supporting the theory of general relativity has come from a wide range of experiments and observations, including:

- The bending of light by massive objects, as observed during solar eclipses and in other astronomical observations.
- The gravitational redshift of light, as observed in experiments such as the Hafele-Keating experiment.
- The gravitational time dilation effect, as observed in experiments such as the Hafele-Keating experiment.
- The gravitational lensing effect, as observed in astronomical observations such as the Hubble Space Telescope.
- The gravitational radiation effect, as observed in experiments such as the LIGO experiment.

These and other observations have provided strong experimental support for the general theory of relativity, and have helped to confirm the important predictions of this theory, such as the existence of gravitational waves and the bending of light by gravity.к

The general theory of relativity is a physical theory that describes the fundamental interactions of matter and energy in the context of a curved spacetime geometry. This theory, which was developed by Albert Einstein in 1915, provides a unified description of the gravitational field, the geometry of spacetime, and the dynamics of matter and energy in a curved spacetime geometry.

The general theory of relativity is based on the principle of equivalence, which states that the effects of gravity and acceleration in a closed system are indistinguishable. This principle, which was first postulated by Galileo Galilei in 1585, forms the basis of the general theory of relativity.

The general theory of relativity provides a unified description of the gravitational field, the geometry of spacetime, and the dynamics of matter and energy in a curved spacetime geometry. The theory is based on the principle of equivalence, which states that the effects of gravity and acceleration in a closed system are indistinguishable.

The general theory of relativity provides a unified description of the gravitational field, the geometry of spacetime, and the dynamics of matter and energy in a curved spacetime geometry.

The theory is based on the principle of equivalence, which states that the effects of gravity and acceleration in a closed system are indistinguishable.

The general theory of relativity provides a unified description of the gravitational field, the geometry of spacetime, and the dynamics of matter and energy in a curved spacetime geometry.

The theory is based on the principle of equivalence, which states that the effects of gravity and acceleration in a closed system are indistinguishable.

The general theory of relativity provides a unified description of the gravitational field, the geometry of spacetime, and the dynamics of matter and energy in a curved spacetime geometry.

The theory is based on the principle of equivalence, which states that the effects of gravity and acceleration in a closed system are indistinguishable.

## Is general relativity an example of absolute relativism?

General relativity is a theory of gravitation that was developed by Albert Einstein between 1907 and 1915.

Einstein's theory of relativity is an example of absolute relativism. Relativism is the philosophical belief that there are no absolute standards, values, or truths that apply to everyone at all times in all places. Relativism is the philosophical belief that there are no absolute standards, values, or truths that apply to everyone at all times in all places. Relativism is the philosophical belief that there are no absolute standards, values, or truths that apply to everyone at all times in all places.

According to Einstein's theory of relativity, there are no absolute standards, values, or truths that apply to everyone at all times in all places. According to Einstein's theory of relativity, there are no absolute standards, values, or truths that apply
Time for inference 2: 426.48 sec total, 4.69 tokens/sec
Bandwidth achieved: 66.69 GB/s
FLOPS achieved: 0.07 TF/s

[DEBUG] Entered generate()
[DEBUG] prompt shape: torch.Size([49])
[DEBUG] batch_size = 1, max_new_tokens = 1999
[DEBUG] Calling prefill()
[DEBUG] Inside prefill()
[DEBUG] x.shape: torch.Size([1, 49]), input_pos.shape: torch.Size([49])
[DEBUG] After view(-1), input_pos.shape: torch.Size([49])
[DEBUG] Prefill completed, next token sampled.
[DEBUG] Starting decode_n_tokens() loop
Explain the theory of general relativity in detail, including its historical background, the mathematical formulation using tensors, and the modern experimental evidence supporting it. Discuss implications on time dilation, black holes, and gravitational waves.кер банк карте карты банковских карты банковские карты банковские карты инженерного банка карт карты банковские карты банковские карты карты банковские карты карты банковские карты банковские карты банковские карты банковские карты карты банковские карты банковские карты карты банковские карты банковские карты банковские карты банковские карты карты банковские карты банковские карты карты банковские карты банковские карты банковские карты банковские карты карты банковские карты банковские карты карты банковские карты банковские карты банковские карты банковские карты карты банковские карты банковские карты карты банковские карты банковские карты банковские карты банковские карты карты банковские карты банковские карты карты банковские карты банковские карты банковские карты банковские карты карты банковские карты банковские карты карты банковские карты банковские карты банковские карты банковские карты карты банковские карты банковские карты карты банковские карты банковские карты банковские карты банковские карты карты банковские карты банковские карты карты банковские карты банковские карты банковские карты банковские карты карты банковские карты банковские карты карты банковские карты банковские карты банковские карты банковские карты карты банковские карты банковские карты карты банковские карты банковские карты банковские карты банковские карты карты банковские карты банковские карты карты банковские карты банковские карты банковские карты банковские карты карты банковские карты банковские карты карты банковские карты банковские карты банковские карты банковские карты карты банковские карты банковские карты карты банковские карты банковские карты банковские карты банковские карты карты банковские карты банковские карты карты банковские карты банковские карты банковские карты банковские карты карты банковские карты банковские карты карты банковские карты банковские карты банковские карты банковские карты карты банковские карты банковские карты карты банковские карты банковские карты банковские карты банковские карты карты банковские карты банковские карты карты банковские карты банковские карты банковские карты банковские карты карты банковские карты банковские карты карты банковские карты банковские карты банковские карты банковские карты карты банковские карты банковские карты карты банковские карты банковские карты банковские карты банковские карты карты банковские карты банковские карты карты банковские карты банковские карты банковские карты банковские карты карты банковские карты банковские карты карты банковские карты банковские карты банковские карты банковские карты карты банковские карты банковские карты карты банковские карты банковские карты банковские карты банковские карты карты банковские карты банковские карты карты банковские карты банковские карты банковские карты bанковские карты карты банковские карты банковские карты карты банковские карты банковские карты банковские карты карты банковские карты банковские карты карты банковские карты банковские карты банковские карты карты банковские карты банковские карты карты банковские карты банковские карты банковские карты карты банковские карты банковские карты карты банковские карты банковские карты банковские карты карты банковские карты банковские карты карты банковские карты банковские карты банковские карты карты банковские карты банковские карты карты банковские карты банковские карты банковские карты карты банковские карты банковские карты карты банковские карты банковские карты банковские карты карты банковские карты банковские карты карты банковские карты банковские карты банковские карты карты банковские карты банковские карты карты банковские карты банковские карты банковские карты карты банковские карты банковские карты карты банковские карты банковские карты банковские карты карты банковские карты банковские карты карты банковские карты банковские карты банковские карты карты банковские карты банковские карты карты банковские карты банковские карты банковские карты карты банковские карты банковские карты карты банковские карты банковские карты bанковские карты карты банковские карты банковские карты карты банковские карты банковские карты банковские карты карты банковские карты банковские карты карты банковские карты банковские карты bанковские карты карты банковские карты банковские карты карты банковские карты банковские карты bанковские карты карты банковские карты банковские карты карты банковские карты банковские карты bанковские карты карты банковские карты банковские карты карты банковские карты банковские карты bанковские карты карты банковские карты банковские карты карты банковские карты банковские карты bанковские карты карты банковские карты банковские карты карты банковские карты банковские карты bанковские карты карты банковские карты банковские карты карты банковские карты банковские карты bанковские карты карты банковские карты банковские карты карты банковские карты банковские карты bанковские карты карты банковские карты банковские карты карты банковские карты банковские карты bанковские карты карты банковские карты банковские карты карты банковские карты банковские карты bанковские карты карты банковские карты банковские карты карты банковские карты банковские карты bанковские карты карты банковские карты банковские карты карты банковские карты банковские карты bанковские карты карты банковские карты банковские карты карты банковские карты банковские карты bанковские карты карты банковские карты банковские карты карты банковские карты банковские карты bанковские карты карты банковские карты банковские карты карты банковские карты банковские карты bанковские карты карты банковские кар
Time for inference 3: 427.74 sec total, 4.67 tokens/sec
Bandwidth achieved: 66.49 GB/s
FLOPS achieved: 0.07 TF/s

[DEBUG] Entered generate()
[DEBUG] prompt shape: torch.Size([49])
[DEBUG] batch_size = 1, max_new_tokens = 1999
[DEBUG] Calling prefill()
[DEBUG] Inside prefill()
[DEBUG] x.shape: torch.Size([1, 49]), input_pos.shape: torch.Size([49])
[DEBUG] After view(-1), input_pos.shape: torch.Size([49])
[DEBUG] Prefill completed, next token sampled.
[DEBUG] Starting decode_n_tokens() loop
Explain the theory of general relativity in detail, including its historical background, the mathematical formulation using tensors, and the modern experimental evidence supporting it. Discuss implications on time dilation, black holes, and gravitational waves.ймі

## Introduction

General relativity is a theory that describes the gravitational force between objects. It was developed by Albert Einstein in the early 20th century as an explanation for the observed anomalies in the planetary orbits. In this article, we will explore the theory of general relativity in detail, including its historical background, the mathematical formulation using tensors, and the modern experimental evidence supporting it. Discuss implications on time dilation, black holes, and gravitational waves.

## Historical Background

### Birth of the Theory

The theory of general relativity was developed by Albert Einstein in the early 20th century. Einstein’s work was motivated by his desire to develop a theory of gravity that would be consistent with his special theory of relativity.

In his special theory of relativity, Einstein had demonstrated that the laws of physics must remain the same for all observers, regardless of their state of motion. This principle of relativity had profound implications for the way in which we understand and describe the physical world.

However, Einstein was not satisfied with the special theory of relativity. In particular, he was not satisfied with the way in which the theory of gravity had been incorporated into the theory.

In the general theory of relativity, Einstein proposed a theory of gravity that was consistent with the special theory of relativity. In this theory, Einstein proposed that the curvature of space and time is caused by the presence of matter and energy.

In this theory, Einstein proposed that the curvature of space and time is caused by the presence of matter and energy. The amount of curvature is determined by the distribution of matter and energy.

In this theory, Einstein proposed that the curvature of space and time is caused by the presence of matter and energy. The amount of curvature is determined by the distribution of matter and energy.

In this theory, Einstein proposed that the curvature of space and time is caused by the presence of matter and energy. The amount of curvature is determined by the distribution of matter and energy.

In this theory, Einstein proposed that the curvature of space and time is caused by the presence of matter and energy. The amount of curvature is determined by the distribution of matter and energy.

In this theory, Einstein proposed that the curvature of space and time is caused by the presence of matter and energy. The amount of curvature is determined by the distribution of matter and energy.

In this theory, Einstein proposed that the curvature of space and time is caused by the presence of matter and energy. The amount of curvature is determined by the distribution of matter and energy.

In this theory, Einstein proposed that the curvature of space and time is caused by the presence of matter and energy. The amount of curvature is determined by the distribution of matter and energy.

In this theory, Einstein proposed that the curvature of space and time is caused by the presence of matter and energy. The amount of curvature is determined by the distribution of matter and energy.

In this theory, Einstein proposed that the curvature of space and time is caused by the presence of matter and energy. The amount of curvature is determined by the distribution of matter and energy.

In this theory, Einstein proposed that the curvature of space and time is caused by the presence of matter and energy. The amount of curvature is determined by the distribution of matter and energy.

In this theory, Einstein proposed that the curvature of space and time is caused by the presence of matter and energy. The amount of curvature is determined by the distribution of matter and energy.

In this theory, Einstein proposed that the curvature of space and time is caused by the presence of matter and energy. The amount of curvature is determined by the distribution of matter and energy.

In this theory, Einstein proposed that the curvature of space and time is caused by the presence of matter and energy. The amount of curvature is determined by the distribution of matter and energy.

In this theory, Einstein proposed that the curvature of space and time is caused by the presence of matter and energy. The amount of curvature is determined by the distribution of matter and energy.

In this theory, Einstein proposed that the curvature of space and time is caused by the presence of matter and energy. The amount of curvature is determined by the distribution of matter and energy.

In this theory, Einstein proposed that the curvature of space and time is caused by the presence of matter and energy. The amount of curvature is determined by the distribution of matter and energy.

In this theory, Einstein proposed that the curvature of space and time is caused by the presence of matter and energy. The amount of curvature is determined by the distribution of matter and energy.

In this theory, Einstein proposed that the curvature of space and time is caused by the presence of matter and energy. The amount of curvature is determined by the distribution of matter and energy.

In this theory, Einstein proposed that the curvature of space and time is caused by the presence of matter and energy. The amount of curvature is determined by the distribution of matter and energy.

In this theory, Einstein proposed that the curvature of space and time is caused by the presence of matter and energy. The amount of curvature is determined by the distribution of matter and energy.

In this theory, Einstein proposed that the curvature of space and time is caused by the presence of matter and energy. The amount of curvature is determined by the distribution of matter and energy.

In this theory, Einstein proposed that the curvature of space and time is caused by the presence of matter and energy. The amount of curvature is determined by the distribution of matter and energy.

In this theory, Einstein proposed that the curvature of space and time is caused by the presence of matter and energy. The amount of curvature is determined by the distribution of matter and energy.

In this theory, Einstein proposed that the curvature of space and time is caused by the presence of matter and energy. The amount of curvature is determined by the distribution of matter and energy.

In this theory, Einstein proposed that the curvature of space and time is caused by the presence of matter and energy. The amount of curvature is determined by the distribution of matter and energy.

In this theory, Einstein proposed that the curvature of space and time is caused by the presence of matter and energy. The amount of curvature is determined by the distribution of matter and energy.

In this theory, Einstein proposed that the curvature of space and time is caused by the presence of matter and energy. The amount of curvature is determined by the distribution of matter and energy.

In this theory, Einstein proposed that the curvature of space and time is caused by the presence of matter and energy. The amount of curvature is determined by the distribution of matter and energy.

In this theory, Einstein proposed that the curvature of space and time is caused by the presence of matter and energy. The amount of curvature is determined by the distribution of matter and energy.

In this theory, Einstein proposed that the curvature of space and time is caused by the presence of matter and energy. The amount of curvature is determined by the distribution of matter and energy.

In this theory, Einstein proposed that the curvature of space and time is caused by the presence of matter and energy. The amount of curvature is determined by the distribution of matter and energy.

In this theory, Einstein proposed that the curvature of space and time is caused by the presence of matter and energy. The amount of curvature is determined by the distribution of matter and energy.

In his paper of 1905, he introduced the special theory of relativity, which drastically altered the conception of time and space. In his theory of relativity, he shows that the principle of relativity is valid for all states of uniform motion relative to one another, and that it is not valid for all states of non-uniform motion.

In his theory of relativity, he also shows that there is a limit to the velocity of light, and that the velocity of light is the same for all observers, regardless of their state of motion.

He also shows that there is a relationship between the mass of a body and its energy, and that the energy of a body is proportional to the square of its mass.

In his theory of relativity, he also shows that the laws of physics are not the same for all observers, and that the laws of physics are different for observers in different states of motion.

He also shows that there is a relationship between the length of a rod and its energy, and that the energy of a rod is proportional to the square of its length.

In his theory of relativity, he also shows that the laws of physics are not the same for all observers, and that the laws of physics are different for observers in different states of motion.

He also shows that there is a relationship between the area of a surface and its energy, and that the energy of a surface is proportional to the square of its area.

In his theory of relativity, he also shows that the laws of physics are not the same for all observers, and that the laws of physics are different for observers in different states of motion.

He also shows that there is a relationship between the volume of
Time for inference 4: 426.84 sec total, 4.68 tokens/sec
Bandwidth achieved: 66.63 GB/s
FLOPS achieved: 0.07 TF/s

[DEBUG] Entered generate()
[DEBUG] prompt shape: torch.Size([49])
[DEBUG] batch_size = 1, max_new_tokens = 1999
[DEBUG] Calling prefill()
[DEBUG] Inside prefill()
[DEBUG] x.shape: torch.Size([1, 49]), input_pos.shape: torch.Size([49])
[DEBUG] After view(-1), input_pos.shape: torch.Size([49])
[DEBUG] Prefill completed, next token sampled.
[DEBUG] Starting decode_n_tokens() loop
Explain the theory of general relativity in detail, including its historical background, the mathematical formulation using tensors, and the modern experimental evidence supporting it. Discuss implications on time dilation, black holes, and gravitational waves.

### Introduction to Einstein's General Relativity

Einstein's general theory of relativity (GR) is a physical theory of gravitation published by Albert Einstein in 1916. It was the first theory of gravity to be consistent with special relativity.

According to the theory of general relativity, matter and energy shape the structure and behavior of space and time. The curvature of spacetime is directly related to the presence of matter and energy.

Unlike previous theories of gravity such as Newton's law of gravitation, which treated gravitational force as an independent phenomenon that acted on matter, the theory of general relativity unites the laws of gravitation with the laws governing the behavior of energy and matter in space and time.

As a result, the theory of general relativity does not assume that there is a gravitational force that acts on matter. Instead, it postulates that the effects of gravity are a consequence of the curvature of spacetime, which is directly related to the presence of matter and energy.

As a result, the theory of general relativity does not assume that there is a gravitational force that acts on matter. Instead, it postulates that the effects of gravity are a consequence of the curvature of spacetime, which is directly related to the presence of matter and energy.ю Therefore, the theory of general relativity does not assume that there is a gravitational force that acts on matter. Instead, it postulates that the effects of gravity are a consequence of the curvature of spacetime, which is directly related to the presence of matter and energy.ю Therefore, the theory of general relativity does not assume that there is a gravitational force that acts on matter. Instead, it postulates that the effects of gravity are a consequence of the curvature of spacetime, which is directly related to the presence of matter and energy.

The theory of general relativity is a fundamental theory of modern physics. It is a mathematical description of the gravitational field and explains the motion of objects in the gravitational field.

The theory of general relativity was developed by Albert Einstein in 1915. Einstein was motivated by the fact that the Newtonian theory of gravity was unable to explain certain phenomena, such as the bending of light in the gravitational field.

The theory of general relativity is based on the principle of relativity, which states that the laws of physics should be the same for all observers, regardless of their state of motion.

The theory of general relativity is a mathematical description of the gravitational field. The gravitational field is represented by a tensor field, which is a mathematical object that describes the gravitational field at any point in space and time.

The theory of general relativity predicts several phenomena that are supported by modern experimental evidence. These phenomena include the bending of light in the gravitational field, the redshifting of light from distant galaxies as a result of the gravitational expansion of the universe, and the gravitational lensing of light from distant galaxies as a result of the gravitational field of the galaxy itself.

The theory of general relativity is supported by modern experimental evidence, and has revolutionized our understanding of the universe and the laws that govern it.ммммм ISBN 978933270016

## About the author

Mohammad Hossain

Mohammad Hossain was born in Dhaka, Bangladesh, and received his BSc in Physics from the University of Dhaka in 2005, and his MSc in Physics from the University of Dhaka in 2007. He received his PhD in Physics from the University of Dhaka in 2011. His research interests include General Relativity, Astrophysics, and Cosmology. He currently works as a Postdoctoral Research Fellow at the University of Dhaka, where he is involved in research on the general theory of relativity and its applications to astrophysics and cosmology.к: 0155137811, Він: 0155137811. Додаткові додаткові додаткові додаткові додаткові додаткові додаткові додаткові додаткові додаткові додаткові додаткові додаткові додаткові додаткові додаткові додаткові додаткові додаткові додаткові додаткові додаткові додаткові додаткові додаткові додаткові додаткові додаткові додаткові додаткові додаткові додаткові додаткові doдкові do додокові do додокові do додокові do додокові do додокові do додокові

Примітки до автореферату диссертації

C D P R У В Ф Суммарний вартість

The official price of the document is 7000 UAH.

You can get the document immediately after payment.

If you have any questions, please contact our technical support team.дкові do додокові do додокові do додокові do додокові do додокові do додокові

У В Ф Суммарний вартість

У В Ф Суммарний вартість

Summarized price

You can get the document immediately after payment.

If you have any questions, please contact our technical support team.

## 1. Introduction

The idea of a universal theory of gravitation has been around for centuries. The first attempts to describe gravitational phenomena were made over two centuries ago, in the works of Galileo Galilei and Isaac Newton. In this chapter, we will review the historical development of the theory of gravitation, from the early attempts to describe free fall to the formulation of the general theory of relativity.

## 2. Gravity and Free Fall

The first scientific observation of a gravitational effect was made in 1604 by the Italian astronomer Giovanni Battista Hodierna. Using a telescope, Hodierna observed the phenomenon of the planet Jupiter appearing in the night sky to shine with its own light, as it began its orbit around the sun.

The phenomenon of a celestial body having its own illumination has been observed in the night sky since ancient times, and it has been of great interest to scientists from the fields of astronomy, astrophysics, and physics.

In ancient times, the phenomenon of a celestial body having its own illumination was very common, and it was observed in the night sky by many peoples from different parts of the world.

The ancient peoples from different parts of the world who observed the phenomenon of a celestial body having its own illumination in the night sky, have given it various names and designations, depending on their own cultural and linguistic background.

Some of the most common and well-known designations and names that ancient peoples from different parts of the world have given to the phenomenon of a celestial body having its own illumination in the night sky, are the following:

- The ancient peoples from different parts of the world who have given the phenomenon of a celestial body having its own illumination in the night sky, various names and designations, have also given it various meanings, interpretations, and explanations, depending on their own cultural and linguistic background.
- Some of the most common and well-known meanings, interpretations, and explanations that ancient peoples from different parts of the world have given to the phenomenon of a celestial body having its own illumination in the night sky, are the following:
    - First and foremost, the phenomenon of a celestial body having its own illumination in the night sky, is a fascinating and beautiful natural phenomenon.
    - The phenomenon of a celestial body having its own illumination in the night sky, is a wonderful and inspiring natural phenomenon.
    - The phenomenon of a celestial body having its own illumination in the night sky, is a fascinating and beautiful natural phenomenon.
    - The phenomenon of a celestial body having its own illumination in the night sky, is a wonderful and inspiring natural phenomenon.
    - The phenomenon of a celestial body having its own illumination in the night sky, is a fascinating and beautiful natural phenomenon.
    - The phenomenon of a celestial body having its own illumination in the night sky, is a wonderful and inspiring natural phenomenon.
    - The phenomenon of a celestial body having its own illumination in the night sky, is a fascinating and beautiful natural phenomenon.
    - The phenomenon of a celestial body having its own illumination in the night sky, is a wonderful and inspiring natural phenomenon.
    - The phenomenon of a celestial body having its own illumination
Time for inference 5: 424.37 sec total, 4.71 tokens/sec
Bandwidth achieved: 67.02 GB/s
FLOPS achieved: 0.07 TF/s

==========
Batch Size: 1
Prompt Length: 49
Generated tokens: 1999
Average tokens/sec: 4.69
Memory used: 15.00 GB
Exception ignored in: <_io.BufferedWriter name=26>
BrokenPipeError: [Errno 32] Broken pipe
