Using device=cuda
Loading model ...
[DEBUG] Model loaded successfully.
[DEBUG] Model config: ModelArgs(block_size=2048, vocab_size=32768, n_layer=32, n_head=32, dim=4096, intermediate_size=14336, n_local_heads=8, head_dim=128, rope_base=10000, norm_eps=1e-05, rope_scaling=None, has_qkv_bias=False)
[DEBUG] Model total parameters: 7248.02M
Time to load model: 6.82 seconds
[DEBUG] Tokenizer loaded successfully.
[DEBUG] Prompt encoded, shape: torch.Size([49]), first 10 tokens: [1, 14470, 1194, 1040, 6510, 1070, 3720, 1784, 29051, 1065]
[DEBUG] Entered generate()
[DEBUG] prompt shape: torch.Size([49])
[DEBUG] batch_size = 1, max_new_tokens = 1999
[DEBUG] Calling prefill()
[DEBUG] Inside prefill()
[DEBUG] x.shape: torch.Size([1, 49]), input_pos.shape: torch.Size([49])
[DEBUG] After view(-1), input_pos.shape: torch.Size([49])
[DEBUG] Prefill completed, next token sampled.
[DEBUG] Starting decode_n_tokens() loop
Explain the theory of general relativity in detail, including its historical background, the mathematical formulation using tensors, and the modern experimental evidence supporting it. Discuss implications on time dilation, black holes, and gravitational waves.

### What is the general relativity?

The general theory of relativity is a theory of gravitation that was developed by the German physicist Albert Einstein between 1907 and 1915. It is one of the two pillars of modern physics (alongside the quantum theory).

Einstein's theory provides a unified description of gravity as a geometric property of space and time, or spacetime. In particular, the curvature of spacetime is directly related to the presence of matter and energy. This means that the distortion of spacetime, as described by Einstein's theory, is what we call "gravity".

### What is the background of general relativity?

The background of general relativity is the development of Newton's theory of gravity.

Newton's theory of gravity was published in his book "Philosophiæ Naturalis Principia Mathematica" (Mathematical Principles of Natural Philosophy), which was first published in 1687.

In Newton's theory of gravity, all objects in the universe are affected by a force that is proportional to the product of the masses of the objects and inversely proportional to the square of the distance between them. This force is commonly known as the gravitational force.

While Newton's theory of gravity was very successful in explaining many observed phenomena in the universe, such as the motion of the planets around the sun, the tides on the earth's surface, and the precession of the earth's axis, there were also some peculiar observations that were not well explained by Newton's theory of gravity.

One of the peculiar observations that was not well explained by Newton's theory of gravity was the observation of a double star system called Mizar and Alcor.

In 1780, the German astronomer Johann Elert Bode made an observation of the double star system of Mizar and Alcor using a telescope. Bode observed that Mizar and Alcor were two very close star systems, with Mizar and Alcor appearing as two very bright stars that were almost touching each other in the night sky.

However, Bode soon realized that there was something peculiar about the two star systems of Mizar and Alcor.

Bode noticed that despite Mizar and Alcor appearing as two very bright stars that were almost touching each other, they were actually two separate star systems that were located a significant distance away from each other in the night sky.

This observation by Bode raised some questions about Mizar and Alcor. For example, why did Mizar and Alcor appear as two very bright stars that were almost touching each other in the night sky, when they were actually two separate star systems that were located a significant distance away from each other in the night sky?

The answer to this question lies in a phenomenon called stellar parallax.

Stellar parallax is a phenomenon where a star appears to shift its position in the sky relative to the background stars, as the earth moves around the sun.

In the case of Mizar and Alcor, the stellar parallax phenomenon explains why Mizar and Alcor appear as two very bright stars that are almost touching each other in the night sky, even though they are actually two separate star systems that are located a significant distance away from each other in the night sky.

The reason why Mizar and Alcor appear to shift their position in the sky relative to the background stars, as the earth moves around the sun, is because Mizar and Alcor are actually two separate star systems that are located a significant distance away from each other in the night sky.

As the earth moves around the sun, the relative positions of the earth, the sun, and the two star systems of Mizar and Alcor change.

This means that as the earth moves around the sun, the relative positions of the earth, the sun, and the two star systems of Mizar and Alcor change.

As a result of these changes in the relative positions of the earth, the sun, and the two star systems of Mizar and Alcor, the apparent positions of Mizar and Alcor in the night sky relative to the background stars change.

This means that as the earth moves around the sun, the apparent positions of Mizar and Alcor in the night sky relative to the background stars change.

In this way, the stellar parallax phenomenon explains why Mizar and Alcor appear to shift their position in the sky relative to the background stars, as the earth moves around the sun.

Thus, the stellar parallax phenomenon explains why Mizar and Alcor appear to shift their position in the sky relative to the background stars, as the earth moves around the sun.

In other words, the stellar parallax phenomenon explains why Mizar and Alcor appear to shift their position in the sky relative to the background stars, as the earth moves around the sun.

However, while the stellar parallax phenomenon explains why Mizar and Alcor appear to shift their position in the sky relative to the background stars, as the earth moves around the sun, this does not explain why Mizar and Alcor appear as two very bright stars that are almost touching each other in the night sky, even though they are actually two separate star systems that are located a significant distance away from each other in the night sky.

In other words, while the stellar parallax phenomenon explains why Mizar and Alcor appear to shift their position in the sky relative to the background stars, as the earth moves around the sun, this does not explain why Mizar and Alcor appear as two very bright stars that are almost touching each other in the night sky, even though they are actually two separate star systems that are located a significant distance away from each other in the night sky.

In other words, while the stellar parallax phenomenon explains why Mizar and Alcor appear to shift their position in the sky relative to the background stars, as the earth moves around the sun, this does not explain why Mizar and Alcor appear as two very bright stars that are almost touching each other in the night sky, even though they are actually two separate star systems that are located a significant distance away from each other in the night sky.

In other words, while the stellar parallax phenomenon explains why Mizar and Alcor appear to shift their position in the sky relative to the background stars, as the earth moves around the sun, this does not explain why Mizar and Alcor appear as two very bright stars that are almost touching each other in the night sky, even though they are actually two separate star systems that are located a significant distance away from each other in the night sky.

In summary, the stellar parallax phenomenon explains why Mizar and Alcor appear to shift their position in the sky relative to the background stars, as the earth moves around the sun, but does not explain why Mizar and Alcor appear as two very bright stars that are almost touching each other in the night sky, even though they are actually two separate star systems that are located a significant distance away from each other in the night sky.

Thus, while the stellar parallax phenomenon explains why Mizar and Alcor appear to shift their position in the sky relative to the background stars, as the earth moves around the sun, this does not explain why Mizar and Alcor appear as two very bright stars that are almost touching each other in the night sky, even though they are actually two separate star systems that are located a significant distance away from each other in the night sky.

Thus, while the stellar parallax phenomenon explains why Mizar and Alcor appear to shift their position in the sky relative to the background stars, as the earth moves around the sun, and does not explain why Mizar and Alcor appear as two very bright stars that are almost touching each other in the night sky, even though they are actually two separate star systems that are located a significant distance away from each other in the night sky, these explanations do not fully account for the observed phenomenon of stellar parallax.

Thus, while the stellar parallax phenomenon explains why Mizar and Alcor appear to shift their position in the sky relative to the background stars, as the earth moves around the sun, and does not explain why Mizar and Alcor appear as two very bright stars that are almost touching each other in the night sky, even though they are actually two separate star systems that are located a significant distance away from each other in the night sky, these explanations do not fully account for the observed phenomenon of stellar parallax.

Thus, while the stellar parallax phenomenon explains why Mizar and Alcor appear to shift their position in the sky relative to the background stars, as the earth moves around the sun, and does not explain why Mizar and Alcor appear as two very bright stars that are almost touching each other in the night sky, even though they are actually two separate star systems that are located a significant distance away from each other in the night sky, these explanations do not fully account for the observed phenomenon of stellar parallax.

Thus, while the stellar parallax phenomenon explains why Mizar and Alcor appear to shift their position in the sky relative to the background stars, as the earth moves around the sun, and does not explain why Mizar and Alcor appear as two very bright stars that are
Time for inference 1: 151.28 sec total, 13.21 tokens/sec
Bandwidth achieved: 188.00 GB/s
FLOPS achieved: 0.19 TF/s

[DEBUG] Entered generate()
[DEBUG] prompt shape: torch.Size([49])
[DEBUG] batch_size = 1, max_new_tokens = 1999
[DEBUG] Calling prefill()
[DEBUG] Inside prefill()
[DEBUG] x.shape: torch.Size([1, 49]), input_pos.shape: torch.Size([49])
[DEBUG] After view(-1), input_pos.shape: torch.Size([49])
[DEBUG] Prefill completed, next token sampled.
[DEBUG] Starting decode_n_tokens() loop
Explain the theory of general relativity in detail, including its historical background, the mathematical formulation using tensors, and the modern experimental evidence supporting it. Discuss implications on time dilation, black holes, and gravitational waves.

## Answer

General relativity is a theory of gravitation developed by Albert Einstein between 1907 and 1915. Einstein developed General Relativity from two postulates of special relativity:

1. The Principle of Relativity postulates that the laws of physics should be the same in all inertial frames of reference.
2. The Principle of Special Relativity states that the speed of light in vacuum is independent of the velocity of the light source, and that the speed of light is constant in all inertial frames of reference.

In his derivation of General Relativity from the postulates of special relativity, Einstein postulated that the gravitational force is a geometric property of spacetime.

In Einstein’s General Relativity, spacetime is not a flat and Euclidean space, but rather a curved and non-Euclidean space.

This curvature of spacetime is not a geometric property of spacetime, but rather a geometric property of the matter and energy that are distributed throughout spacetime.

In Einstein’s General Relativity, the gravitational field is a geometric property of spacetime, and the gravitational field is not a property of the matter and energy that are distributed throughout spacetime, but rather a property of the spacetime that is being warped by the presence of the matter and energy that are distributed throughout spacetime.

One of the most important implications of General Relativity is that it predicts the existence of black holes. Black holes are regions of spacetime that are so dense that they have such a strong gravitational field that not even light can escape from them.

The gravitational field of a black hole is so strong that it warps the spacetime around the black hole, and this warped spacetime around the black hole is what forms the event horizon of the black hole.

The event horizon of a black hole is a mathematical boundary that separates the region of spacetime inside the event horizon of the black hole from the region of spacetime outside the event horizon of the black hole.

The region of spacetime inside the event horizon of a black hole is a region of spacetime that is so dense and so warped by the gravitational field of the black hole that not even light can escape from it.

The region of spacetime outside the event horizon of a black hole is a region of spacetime that is warped by the gravitational field of the black hole, but not so much that not even light can escape from it.

The event horizon of a black hole is a critical boundary that separates the region of spacetime inside the event horizon of the black hole from the region of spacetime outside the event horizon of the black hole.

The event horizon of a black hole is a critical boundary that separates the region of spacetime inside the event horizon of the black hole from the region of spacetime outside the event horizon of the black hole.

The event horizon of a black hole is a critical boundary that separates the region of spacetime inside the event horizon of the black hole from the region of spacetime outside the event horizon of the black hole.

The event horizon of a black hole is a critical boundary that separates the region of spacetime inside the event horizon of the black hole from the region of spacetime outside the event horizon of the black hole.

The event horizon of a black hole is a critical boundary that separates the region of spacetime inside the event horizon of the black hole from the region of spacetime outside the event horizon of the black hole.

The event horizon of a black hole is a critical boundary that separates the region of spacetime inside the event horizon of the black hole from the region of spacetime outside the event horizon of the black hole.

The event horizon of a black hole is a critical boundary that separates the region of spacetime inside the event horizon of the black hole from the region of spacetime outside the event horizon of the black hole.

The event horizon of a black hole is a critical boundary that separates the region of spacetime inside the event horizon of the black hole from the region of spacetime outside the event horizon of the black hole.

The event horizon of a black hole is a critical boundary that separates the region of spacetime inside the event horizon of the black hole from the region of spacetime outside the event horizon of the black hole.

The event horizon of a black hole is a critical boundary that separates the region of spacetime inside the event horizon of the black hole from the region of spacetime outside the event horizon of the black hole.

The event horizon of a black hole is a critical boundary that separates the region of spacetime inside the event horizon of the black hole from the region of spacetime outside the event horizon of the black hole.

The event horizon of a black hole is a critical boundary that separates the region of spacetime inside the event horizon of the black hole from the region of spacetime outside the event horizon of the black hole.

The event horizon of a black hole is a critical boundary that separates the region of spacetime inside the event horizon of the black hole from the region of spacetime outside the event horizon of the black hole.

The event horizon of a black hole is a critical boundary that separates the region of spacetime inside the event horizon of the black hole from the region of spacetime outside the event horizon of the black hole.

The event horizon of a black hole is a critical boundary that separates the region of spacetime inside the event horizon of the black hole from the region of spacetime outside the event horizon of the black hole.

The event horizon of a black hole is a critical boundary that separates the region of spacetime inside the event horizon of the black hole from the region of spacetime outside the event horizon of the black hole.

The event horizon of a black hole is a critical boundary that separates the region of spacetime inside the event horizon of the black hole from the region of spacetime outside the event horizon of the black hole.

The event horizon of a black hole is a critical boundary that separates the region of spacetime inside the event horizon of the black hole from the region of spacetime outside the event horizon of the black hole.

The event horizon of a black hole is a critical boundary that separates the region of spacetime inside the event horizon of the black hole from the region of spacetime outside the event horizon of the black hole.

The event horizon of a black hole is a critical boundary that separates the region of spacetime inside the event horizon of the black hole from the region of spacetime outside the event horizon of the black hole.

The event horizon of a black hole is a critical boundary that separates the region of spacetime inside the event horizon of the black hole from the region of spacetime outside the event horizon of the black hole.

The event horizon of a black hole is a critical boundary that separates the region of spacetime inside the event horizon of the black hole from the region of spacetime outside the event horizon of the black hole.

The event horizon of a black hole is a critical boundary that separates the region of spacetime inside the event horizon of the black hole from the region of spacetime outside the event horizon of the black hole.

The event horizon of a black hole is a critical boundary that separates the region of spacetime inside the event horizon of the black hole from the region of spacetime outside the event horizon of the black hole.

The event horizon of a black hole is a critical boundary that separates the region of spacetime inside the event horizon of the black hole from the region of spacetime outside the event horizon of the black hole.

The event horizon of a black hole is a critical boundary that separates the region of spacetime inside the event horizon of the black hole from the region of spacetime outside the event horizon of the black hole.

The event horizon of a black hole is a critical boundary that separates the region of spacetime inside the event horizon of the black hole from the region of spacetime outside the event horizon of the black hole.

The event horizon of a black hole is a critical boundary that separates the region of spacetime inside the event horizon of the black hole from the region of spacetime outside the event horizon of the black hole.

The event horizon of a black hole is a critical boundary that separates the region of spacetime inside the event horizon of the black hole from the region of spacetime outside the event horizon of the black hole.

The event horizon of a black hole is a critical boundary that separates the region of spacetime inside the event horizon of the black hole from the region of spacetime outside the event horizon of the black hole.

The event horizon of a black hole is a critical boundary that separates the region of spacetime inside the event horizon of the black hole from the region of spacetime outside the event horizon of the black hole.

The event horizon of a black hole is a critical boundary that separates the
Time for inference 2: 146.65 sec total, 13.63 tokens/sec
Bandwidth achieved: 193.94 GB/s
FLOPS achieved: 0.20 TF/s

[DEBUG] Entered generate()
[DEBUG] prompt shape: torch.Size([49])
[DEBUG] batch_size = 1, max_new_tokens = 1999
[DEBUG] Calling prefill()
[DEBUG] Inside prefill()
[DEBUG] x.shape: torch.Size([1, 49]), input_pos.shape: torch.Size([49])
[DEBUG] After view(-1), input_pos.shape: torch.Size([49])
[DEBUG] Prefill completed, next token sampled.
[DEBUG] Starting decode_n_tokens() loop
Explain the theory of general relativity in detail, including its historical background, the mathematical formulation using tensors, and the modern experimental evidence supporting it. Discuss implications on time dilation, black holes, and gravitational waves.кер банк карте карты банковских карты банковские карты банковские карты инженерного банка карт карты банковские карты банковские карты карты банковские карты карты банковские карты банковские карты банковские карты банковские карты карты банковские карты банковские карты карты банковские карты банковские карты банковские карты банковские карты карты банковские карты банковские карты карты банковские карты банковские карты банковские карты банковские карты карты банковские карты банковские карты карты банковские карты банковские карты банковские карты банковские карты карты банковские карты банковские карты карты банковские карты банковские карты банковские карты банковские карты карты банковские карты банковские карты карты банковские карты банковские карты банковские карты банковские карты карты банковские карты банковские карты карты банковские карты банковские карты банковские карты банковские карты карты банковские карты банковские карты карты банковские карты банковские карты банковские карты банковские карты карты банковские карты банковские карты карты банковские карты банковские карты банковские карты банковские карты карты банковские карты банковские карты карты банковские карты банковские карты банковские карты банковские карты карты банковские карты банковские карты карты банковские карты банковские карты банковские карты банковские карты карты банковские карты банковские карты карты банковские карты банковские карты банковские карты банковские карты карты банковские карты банковские карты карты банковские карты банковские карты банковские карты банковские карты карты банковские карты банковские карты карты банковские карты банковские карты банковские карты банковские карты карты банковские карты банковские карты карты банковские карты банковские карты банковские карты банковские карты карты банковские карты банковские карты карты банковские карты банковские карты банковские карты банковские карты карты банковские карты банковские карты карты банковские карты банковские карты банковские карты банковские карты карты банковские карты банковские карты карты банковские карты банковские карты банковские карты банковские карты карты банковские карты банковские карты карты банковские карты банковские карты банковские карты банковские карты карты банковские карты банковские карты карты банковские карты банковские карты банковские карты банковские карты карты банковские карты банковские карты карты банковские карты банковские карты банковские карты банковские карты карты банковские карты банковские карты карты банковские карты банковские карты банковские карты банковские карты карты банковские карты банковские карты карты банковские карты банковские карты банковские карты банковские карты карты банковские карты банковские карты карты банковские карты банковские карты банковские карты банковские карты карты банковские карты банковские карты карты банковские карты банковские карты банковские карты банковские карты карты банковские карты банковские карты карты банковские карты банковские карты банковские карты банковские карты карты банковские карты банковские карты карты банковские карты банковские карты банковские карты банковские карты карты банковские карты банковские карты карты банковские карты банковские карты банковские карты банковские карты карты банковские карты банковские карты карты банковские карты банковские карты банковские карты банковские карты карты банковские карты банковские карты карты банковские карты банковские карты банковские карты банковские карты карты банковские карты банковские карты карты банковские карты банковские карты банковские карты банковские карты карты банковские карты банковские карты карты банковские карты банковские карты банковские карты банковские карты карты банковские карты банковские карты карты банковские карты банковские карты банковские карты банковские карты карты банковские карты банковские карты карты банковские карты банковские карты банковские карты банковские карты карты банковские карты банковские карты карты банковские карты банковские карты банковские карты банковские карты карты банковские карты банковские карты карты банковские карты банковские карты банковские карты банковские карты карты банковские карты банковские карты карты банковские карты банковские карты банковские карты банковские карты карты банковские карты банковские карты карты банковские карты банковские карты банковские карты банковские карты карты банковские карты банковские карты карты банковские карты банковские карты банковские карты банковские карты карты банковские карты банковские карты карты банковские карты банковские карты банковские карты банковские карты карты банковские карты банковские карты карты банковские карты банковские карты банковские карты банковские карты карты банковские карты банковские карты карты банковские карты банковские карты банковские карты банковские карты карты банковские карты банковские карты карты банковские карты банковские карты банковские карты банковские карты карты банковские карты банковские карты карты банковские карты банковские карты банковские карты банковские карты карты банковские карты банковские карты карты банковские карты банковские карты банковские карты банковские карты карты банковские карты банковские карты карты банковские карты банковские карты банковские карты банковские карты карты банковские карты банковские карты карты банковские карты банковские карты банковские карты банковские карты карты банковские карты банковские карты карты банковские карты банковские карты банковские карты банковские карты карты банковские карты банковские карты карты банковские карты банковские карты банковские кар
Time for inference 3: 147.05 sec total, 13.59 tokens/sec
Bandwidth achieved: 193.41 GB/s
FLOPS achieved: 0.20 TF/s

[DEBUG] Entered generate()
[DEBUG] prompt shape: torch.Size([49])
[DEBUG] batch_size = 1, max_new_tokens = 1999
[DEBUG] Calling prefill()
[DEBUG] Inside prefill()
[DEBUG] x.shape: torch.Size([1, 49]), input_pos.shape: torch.Size([49])
[DEBUG] After view(-1), input_pos.shape: torch.Size([49])
[DEBUG] Prefill completed, next token sampled.
[DEBUG] Starting decode_n_tokens() loop
Explain the theory of general relativity in detail, including its historical background, the mathematical formulation using tensors, and the modern experimental evidence supporting it. Discuss implications on time dilation, black holes, and gravitational waves.ймі

## Introduction

General relativity is a theory that describes the gravitational force between objects. It was developed by Albert Einstein in the early 20th century as an explanation for the observed anomalies in the planetary orbits. In this article, we will explore the theory of general relativity in detail, including its historical background, the mathematical formulation using tensors, and the modern experimental evidence supporting it. Discuss implications on time dilation, black holes, and gravitational waves.

## Historical background

### Birth of the theory

The theory of general relativity was developed by Albert Einstein in the early 20th century. Einstein’s work was motivated by the observed anomalies in the planetary orbits. Einstein’s initial attempts to explain these anomalies led him to develop the special theory of relativity, which describes the behavior of objects in motion at constant speed, without regard to the forces acting on them.

However, Einstein soon realized that the special theory of relativity could not fully explain the observed anomalies in the planetary orbits. This realization led Einstein to begin work on the general theory of relativity, which describes the behavior of objects in motion in a gravitational field.

### Einstein’s initial thoughts

In the early stages of his work on the general theory of relativity, Einstein was primarily concerned with developing a mathematical framework that could accurately describe the behavior of objects in motion in a gravitational field.

Einstein was well aware of the numerous mathematical and physical challenges that he would have to overcome in order to develop a fully satisfactory mathematical framework for the general theory of relativity. However, Einstein was also confident in his own abilities and in the power of mathematics to provide insights into the workings of the universe.

As a result, Einstein spent the early stages of his work on the general theory of relativity primarily focused on developing and refining the mathematical framework that he would use to describe the behavior of objects in motion in a gravitational field.

### First inkling of the theory

The first inkling that Einstein may have had of the general theory of relativity did not come until several years after the development of the special theory of relativity.

In the years immediately following the publication of the special theory of relativity, Einstein remained primarily focused on developing the mathematical framework that would be used to describe the behavior of objects in motion in a gravitational field.

However, during this time, Einstein also did some preliminary work on the development of the general theory of relativity. For example, he began to explore the idea that the curvature of space-time could act as a “rubber sheet” that would cause objects to move along different paths than they would otherwise.

However, it was not until several years after the development of the special theory of relativity that Einstein finally began to fully explore and develop the mathematical framework for the general theory of relativity.

## Mathematical formulation

### Einstein’s original approach

Einstein’s original approach to the mathematical formulation of the general theory of relativity was based on the idea of using differential geometry to describe the behavior of objects in motion in a gravitational field.

In order to develop a mathematical framework for the general theory of relativity based on differential geometry, Einstein began by taking the basic mathematical model of space-time that had been developed as part of the special theory of relativity, and extending it to include the effects of gravity.

This extended mathematical model of space-time, which included the effects of gravity, became the foundation for the mathematical framework for the general theory of relativity that Einstein developed based on differential geometry.

### Development of the tensor calculus

The development of the tensor calculus was a crucial step in Einstein’s development of the mathematical framework for the general theory of relativity based on differential geometry.

In order to develop a fully satisfactory mathematical framework for the general theory of relativity based on differential geometry, Einstein realized that he would need to develop a way to more easily manipulate and work with the complex mathematical equations and expressions that would be required as part of the mathematical framework for the general theory of relativity based on differential geometry.

This need for a more efficient way to manipulate and work with the complex mathematical equations and expressions that would be required as part of the mathematical framework for the general theory of relativity based on differential geometry led Einstein to develop the tensor calculus as a way to more easily manipulate and work with the complex mathematical equations and expressions that would be required as part of the mathematical framework for the general theory of relativity based on differential geometry.

### Integration of the tensor calculus into Einstein’s development of the general theory of relativity.

The integration of the tensor calculus into Einstein’s development of the general theory of relativity was a crucial step in the development of a fully satisfactory mathematical framework for the general theory of relativity based on differential geometry.

In order to fully integrate the tensor calculus into Einstein’s development of the general theory of relativity based on differential geometry, Einstein began by modifying and extending his original approach to the mathematical formulation of the general theory of relativity based on differential geometry.

Recall that Einstein’s original approach to the mathematical formulation of the general theory of relativity based on differential geometry was based on the idea of using differential geometry to describe the behavior of objects in motion in a gravitational field.

In order to fully integrate the tensor calculus into Einstein’s development of the general theory of relativity based on differential geometry, Einstein began by modifying and extending his original approach to the mathematical formulation of the general theory of relativity based on differential geometry.

In particular, Einstein modified his original approach to the mathematical formulation of the general theory of relativity based on differential geometry in two ways. First, he modified his original approach to the mathematical formulation of the general theory of relativity based on differential geometry by incorporating the tensor calculus into his original approach to the mathematical formulation of the general theory of relativity based on differential geometry.

Recall that the development of the tensor calculus was a crucial step in Einstein’s development of the mathematical framework for the general theory of relativity based on differential geometry.

In order to fully integrate the tensor calculus into Einstein’s development of the general theory of relativity based on differential geometry, Einstein began by modifying and extending his original approach to the mathematical formulation of the general theory of relativity based on differential geometry.

The development of the tensor calculus was a crucial step in Einstein’s development of the mathematical framework for the general theory of relativity based on differential geometry.

In order to fully integrate the tensor calculus into Einstein’s development of the general theory of relativity based on differential geometry, Einstein began by modifying and extending his original approach to the mathematical formulation of the general theory of relativity based on differential geometry.

The development of the tensor calculus was a crucial step in Einstein’s development of the mathematical framework for the general theory of relativity based on differential geometry.

In order to fully integrate the tensor calculus into Einstein’s development of the general theory of relativity based on differential geometry, Einstein began by modifying and extending his original approach to the mathematical formulation of the general theory of relativity based on differential geometry.

In particular, Einstein modified his original approach to the mathematical formulation of the general theory of relativity based on differential geometry by incorporating the tensor calculus into his original approach to the mathematical formulation of the general theory of relativity based on differential geometry.

The development of the tensor calculus was a crucial step in Einstein’s development of the mathematical framework for the general theory of relativity based on differential geometry.

In order to fully integrate the tensor calculus into Einstein’s development of the general theory of relativity based on differential geometry, Einstein began by modifying and extending his original approach to the mathematical formulation of the general theory of relativity based on differential geometry.

In particular, Einstein modified his original approach to the mathematical formulation of the general theory of relativity based on differential geometry by incorporating the tensor calculus into his original approach to the mathematical formulation of the general theory of relativity based on differential geometry.

The development of the tensor calculus was a crucial step in Einstein’s development of the mathematical framework for the general theory of relativity based on differential geometry.

In order to fully integrate the tensor calculus into Einstein’s development of the general theory of relativity based on differential geometry, Einstein began by modifying and extending his original approach to the mathematical formulation of the general theory of relativity based on differential geometry.

In particular, Einstein modified his original approach to the mathematical formulation of the general theory of relativity based on differential geometry by incorporating the tensor calculus into his original approach to the mathematical formulation of the general theory of relativity based on differential geometry.

The development of the tensor calculus was a crucial step in Einstein’s development of the mathematical framework for the general theory of relativity based on differential geometry.

In order to fully integrate the tensor calculus into Einstein’s development of the general theory of relativity based on differential geometry, Einstein began by modifying and extending his original approach to the mathematical formulation of the general theory of relativity based on differential geometry.

In particular, Einstein modified his original approach
Time for inference 4: 147.01 sec total, 13.60 tokens/sec
Bandwidth achieved: 193.46 GB/s
FLOPS achieved: 0.20 TF/s

[DEBUG] Entered generate()
[DEBUG] prompt shape: torch.Size([49])
[DEBUG] batch_size = 1, max_new_tokens = 1999
[DEBUG] Calling prefill()
[DEBUG] Inside prefill()
[DEBUG] x.shape: torch.Size([1, 49]), input_pos.shape: torch.Size([49])
[DEBUG] After view(-1), input_pos.shape: torch.Size([49])
[DEBUG] Prefill completed, next token sampled.
[DEBUG] Starting decode_n_tokens() loop
Explain the theory of general relativity in detail, including its historical background, the mathematical formulation using tensors, and the modern experimental evidence supporting it. Discuss implications on time dilation, black holes, and gravitational waves.

### Introduction to Einstein's General Relativity

Einstein's general theory of relativity (GR) is a physical theory of gravitation published by Albert Einstein in 1916. It was the first theory of gravity to be consistent with special relativity.

According to the theory of general relativity, matter and energy shape the structure and behavior of space-time itself. The curvature of space-time is directly proportional to the amount of matter and energy present in that region of space-time.

The relationship between the curvature of space-time and the distribution of matter and energy can be expressed mathematically in terms of a tensor field, which represents the curvature of space-time at each point in that region of space-time.

In general relativity, the curvature of spacetime at each point is given by the Einstein tensor, which in turn is determined by the distribution of matter and energy in that region of spacetime.

This relationship between the Einstein tensor and the distribution of matter and energy is a central aspect of general relativity, and it is essential for understanding the curvature of spacetime, as well as the fundamental laws of physics in general.

In essence, the curvature of spacetime at each point is determined by the distribution of matter and energy in that region of spacetime, as described by the Einstein tensor. This relationship between the distribution of matter and energy and the curvature of spacetime is a fundamental aspect of general relativity, and it is essential for understanding the curvature of spacetime, as well as the fundamental laws of physics in general.

In general relativity, the curvature of spacetime at each point is determined by the distribution of matter and energy in that region of spacetime, as described by the Einstein tensor. This relationship between the distribution of matter and energy and the curvature of spacetime is a fundamental aspect of general relativity, and it is essential for understanding the curvature of spacetime, as well as the fundamental laws of physics in general.

### The Equations of Motion in General Relativity

In general relativity, the equations of motion describe the trajectory of a particle in a curved spacetime. In contrast to classical mechanics, where the trajectory of a particle is determined by a set of equations that describe the particle's motion in a flat spacetime, in general relativity, the equations of motion are derived from the Einstein field equations, which describe the curvature of spacetime in the presence of matter and energy.

The equations of motion in general relativity are derived from the Einstein field equations, which describe the curvature of spacetime in the presence of matter and energy. The equations of motion, also known as the geodesic equation, are a set of second-order differential equations that describe the trajectory of a particle in a curved spacetime.

Specifically, the equations of motion in general relativity describe the trajectory of a particle in a curved spacetime due to the gravitational field. The equations of motion are derived from the Einstein field equations, which describe the curvature of spacetime in the presence of matter and energy.

The equations of motion in general relativity are a set of differential equations that describe the trajectory of a particle in a curved spacetime due to the gravitational field. The equations of motion are derived from the Einstein field equations, which describe the curvature of spacetime in the presence of matter and energy.

The equations of motion in general relativity are a set of second-order differential equations that describe the trajectory of a particle in a curved spacetime due to the gravitational field. The equations of motion are derived from the Einstein field equations, which describe the curvature of spacetime in the presence of matter and energy.

The equations of motion in general relativity are a set of differential equations that describe the trajectory of a particle in a curved spacetime due to the gravitational field. The equations of motion are derived from the Einstein field equations, which describe the curvature of spacetime in the presence of matter and energy.

The equations of motion in general relativity are a set of differential equations that describe the trajectory of a particle in a curved spacetime due to the gravitational field. The equations of motion are derived from the Einstein field equations, which describe the curvature of spacetime in the presence of matter and energy.

The equations of motion in general relativity are a set of differential equations that describe the trajectory of a particle in a curved spacetime due to the gravitational field. The equations of motion are derived from the Einstein field equations, which describe the curvature of spacetime in the presence of matter and energy.

The equations of motion in general relativity are a set of differential equations that describe the trajectory of a particle in a curved spacetime due to the gravitational field. The equations of motion are derived from the Einstein field equations, which describe the curvature of spacetime in the presence of matter and energy.

### Calculations of the Orbits of Planets in General Relativity

In general relativity, the orbits of planets are calculated using the equations of motion in general relativity, which describe the trajectory of a particle in a curved spacetime due to the gravitational field.

Specifically, the equations of motion in general relativity are a set of second-order differential equations that describe the trajectory of a particle in a curved spacetime due to the gravitational field.

The equations of motion in general relativity are derived from the Einstein field equations, which describe the curvature of spacetime in the presence of matter and energy. The equations of motion in general relativity describe the trajectory of a particle in a curved spacetime due to the gravitational field.

The equations of motion in general relativity are derived from the Einstein field equations, which describe the curvature of spacetime in the presence of matter and energy. Specifically, the equations of motion in general relativity describe the trajectory of a particle in a curved spacetime due to the gravitational field.

The equations of motion in general relativity are derived from the Einstein field equations, which describe the curvature of spacetime in the presence of matter and energy. Specifically, the equations of motion in general relativity describe the trajectory of a particle in a curved spacetime due to the gravitational field.

The equations of motion in general relativity are derived from the Einstein field equations, which describe the curvature of spacetime in the presence of matter and energy. Specifically, the equations of motion in general relativity describe the trajectory of a particle in a curved spacetime due to the gravitational field.

The equations of motion in general relativity are derived from the Einstein field equations, which describe the curvature of spacetime in the presence of matter and energy. Specifically, the equations of motion in general relativity describe the trajectory of a particle in a curved spacetime due to the gravitational field.

The equations of motion in general relativity are derived from the Einstein field equations, which describe the curvature of spacetime in the presence of matter and energy. Specifically, the equations of motion in general relativity describe the trajectory of a particle in a curved spacetime due to the gravitational field.

The equations of motion in general relativity are derived from the Einstein field equations, which describe the curvature of spacetime in the presence of matter and energy. Specifically, the equations of motion in general relativity describe the trajectory of a particle in a curved spacetime due to the gravitational field.

The equations of motion in general relativity are derived from the Einstein field equations, which describe the curvature of spacetime in the presence of matter and energy. Specifically, the equations of motion in general relativity describe the trajectory of a particle in a curved spacetime due to the gravitational field.

The equations of motion in general relativity are derived from the Einstein field equations, which describe the curvature of spacetime in the presence of matter and energy. Specifically, the equations of motion in general relativity describe the trajectory of a particle in a curved spacetime due to the gravitational field.

The equations of motion in general relativity are derived from the Einstein field equations, which describe the curvature of spacetime in the presence of matter and energy. Specifically, the equations of motion in general relativity describe the trajectory of a particle in a curved spacetime due to the gravitational field.

The equations of motion in general relativity are derived from the Einstein field equations, which describe the curvature of spacetime in the presence of matter and energy. Specifically, the equations of motion in general relativity describe the trajectory of a particle in a curved spacetime due to the gravitational field.

The equations of motion in general relativity are derived from the Einstein field equations, which describe the curvature of spacetime in the presence of matter and energy. Specifically, the equations of motion in general relativity describe the trajectory of a particle in a curved spacetime due to the gravitational field.

Time for inference 5: 147.26 sec total, 13.57 tokens/sec
Bandwidth achieved: 193.13 GB/s
FLOPS achieved: 0.20 TF/s

==========
Batch Size: 1
Prompt Length: 49
Generated tokens: 1999
Average tokens/sec: 13.52
Memory used: 15.00 GB
Exception ignored in: <_io.BufferedWriter name=26>
BrokenPipeError: [Errno 32] Broken pipe
